
[INFO] Scanning for projects...
[INFO] Inspecting build with total of 1 modules...
[INFO] Installing Nexus Staging features:
[INFO]   ... total of 1 executions of maven-deploy-plugin replaced with nexus-staging-maven-plugin
[INFO] 
[INFO] -----------------< org.redisson:redisson-hibernate-6 >------------------
[INFO] Building Redisson/Hibernate-5.3.x+ 3.16.9-SNAPSHOT
[INFO] --------------------------------[ jar ]---------------------------------
[INFO] 
[INFO] --- maven-clean-plugin:2.5:clean (default-clean) @ redisson-hibernate-6 ---
[INFO] 
[INFO] --- maven-enforcer-plugin:3.0.0-M3:enforce (enforce-maven) @ redisson-hibernate-6 ---
[INFO] 
[INFO] --- maven-resources-plugin:2.6:resources (default-resources) @ redisson-hibernate-6 ---
[INFO] Using 'UTF-8' encoding to copy filtered resources.
[INFO] Copying 2 resources
[INFO] 
[INFO] --- maven-compiler-plugin:3.8.1:compile (default-compile) @ redisson-hibernate-6 ---
[INFO] Changes detected - recompiling the module!
[INFO] --- maven-resources-plugin:2.6:testResources (default-testResources) @ redisson-hibernate-6 ---
[INFO] Using 'UTF-8' encoding to copy filtered resources.
[INFO] Copying 2 resources
[INFO] 
[INFO] --- maven-compiler-plugin:3.8.1:testCompile (default-testCompile) @ redisson-hibernate-6 ---
[INFO] Changes detected - recompiling the module!
[INFO] 
[INFO] --- maven-surefire-plugin:2.12.4:test (default-test) @ redisson-hibernate-6 ---

-------------------------------------------------------
 T E S T S
-------------------------------------------------------
Running org.redisson.hibernate.CollectionTest
Hibernate: drop table if exists "CollectionTest$A" cascade 
Hibernate: drop table if exists "CollectionTest$B" cascade 
Hibernate: drop table if exists a_b cascade 
Hibernate: create table "CollectionTest$A" (id bigint not null, uniqueField varchar(255), primary key (id))
Hibernate: create table "CollectionTest$B" (id bigint not null, primary key (id))
Hibernate: create table a_b (unique_field varchar(255) not null, b_id bigint not null, bs_ORDER integer not null, primary key (unique_field, bs_ORDER))
Hibernate: alter table if exists "CollectionTest$A" add constraint UK_9ueu4o2655mvd2yoygqb672lj unique (uniqueField)
Hibernate: alter table if exists a_b add constraint FKadpb1k6s8e3c36u7fd1eucape foreign key (b_id) references "CollectionTest$B"
Hibernate: insert into "CollectionTest$B" (id) values (?)
Hibernate: insert into "CollectionTest$A" (uniqueField, id) values (?, ?)
Hibernate: insert into a_b (unique_field, bs_ORDER, b_id) values (?, ?, ?)
Hibernate: drop table if exists "CollectionTest$A" cascade 
Hibernate: drop table if exists "CollectionTest$B" cascade 
Hibernate: drop table if exists a_b cascade 
Hibernate: drop table if exists "CollectionTest$A" cascade 
Hibernate: drop table if exists "CollectionTest$B" cascade 
Hibernate: drop table if exists a_b cascade 
Hibernate: create table "CollectionTest$A" (id bigint not null, uniqueField varchar(255), primary key (id))
Hibernate: create table "CollectionTest$B" (id bigint not null, primary key (id))
Hibernate: create table a_b (unique_field varchar(255) not null, b_id bigint not null, bs_ORDER integer not null, primary key (unique_field, bs_ORDER))
Hibernate: alter table if exists "CollectionTest$A" add constraint UK_9ueu4o2655mvd2yoygqb672lj unique (uniqueField)
Hibernate: alter table if exists a_b add constraint FKadpb1k6s8e3c36u7fd1eucape foreign key (b_id) references "CollectionTest$B"
Hibernate: drop table if exists "CollectionTest$A" cascade 
Hibernate: drop table if exists "CollectionTest$B" cascade 
Hibernate: drop table if exists a_b cascade 
Tests run: 1, Failures: 0, Errors: 1, Skipped: 0, Time elapsed: 2.817 sec <<< FAILURE!
testQuery(org.redisson.hibernate.CollectionTest)  Time elapsed: 0.286 sec  <<< ERROR!
jakarta.persistence.PersistenceException: Converting `org.hibernate.cache.CacheException` to JPA `PersistenceException` : java.lang.IllegalArgumentException: java.io.NotSerializableException: org.hibernate.metamodel.mapping.internal.VirtualEmbeddedAttributeMapping
	at org.hibernate.internal.ExceptionConverterImpl.convert(ExceptionConverterImpl.java:165)
	at org.hibernate.internal.ExceptionConverterImpl.convert(ExceptionConverterImpl.java:175)
	at org.hibernate.internal.ExceptionConverterImpl.convert(ExceptionConverterImpl.java:182)
	at org.hibernate.internal.SessionImpl.doFlush(SessionImpl.java:1394)
	at org.hibernate.internal.SessionImpl.flush(SessionImpl.java:1377)
	at org.redisson.hibernate.CollectionTest.testQuery(CollectionTest.java:96)
	at java.base/jdk.internal.reflect.NativeMethodAccessorImpl.invoke0(Native Method)
	at java.base/jdk.internal.reflect.NativeMethodAccessorImpl.invoke(NativeMethodAccessorImpl.java:62)
	at java.base/jdk.internal.reflect.DelegatingMethodAccessorImpl.invoke(DelegatingMethodAccessorImpl.java:43)
	at java.base/java.lang.reflect.Method.invoke(Method.java:566)
	at org.junit.runners.model.FrameworkMethod$1.runReflectiveCall(FrameworkMethod.java:59)
	at org.junit.internal.runners.model.ReflectiveCallable.run(ReflectiveCallable.java:12)
	at org.junit.runners.model.FrameworkMethod.invokeExplosively(FrameworkMethod.java:56)
	at org.hibernate.testing.junit4.ExtendedFrameworkMethod.invokeExplosively(ExtendedFrameworkMethod.java:45)
	at org.junit.internal.runners.statements.InvokeMethod.evaluate(InvokeMethod.java:17)
	at org.junit.internal.runners.statements.RunBefores.evaluate(RunBefores.java:26)
	at org.junit.internal.runners.statements.RunAfters.evaluate(RunAfters.java:27)
	at org.junit.internal.runners.statements.FailOnTimeout$CallableStatement.call(FailOnTimeout.java:288)
	at org.junit.internal.runners.statements.FailOnTimeout$CallableStatement.call(FailOnTimeout.java:282)
	at java.base/java.util.concurrent.FutureTask.run(FutureTask.java:264)
	at java.base/java.lang.Thread.run(Thread.java:834)
Caused by: org.hibernate.cache.CacheException: java.lang.IllegalArgumentException: java.io.NotSerializableException: org.hibernate.metamodel.mapping.internal.VirtualEmbeddedAttributeMapping
	at org.redisson.hibernate.RedissonStorage.evictData(RedissonStorage.java:183)
	at org.hibernate.cache.spi.support.StorageAccess.removeFromCache(StorageAccess.java:35)
	at org.hibernate.cache.spi.support.AbstractCachedDomainDataAccess.remove(AbstractCachedDomainDataAccess.java:91)
	at org.hibernate.action.internal.CollectionAction.evict(CollectionAction.java:137)
	at org.hibernate.action.internal.CollectionRecreateAction.execute(CollectionRecreateAction.java:49)
	at org.hibernate.engine.spi.ActionQueue.executeActions(ActionQueue.java:612)
	at org.hibernate.engine.spi.ActionQueue.lambda$executeActions$1(ActionQueue.java:483)
	at java.base/java.util.LinkedHashMap.forEach(LinkedHashMap.java:684)
	at org.hibernate.engine.spi.ActionQueue.executeActions(ActionQueue.java:480)
	at org.hibernate.event.internal.AbstractFlushingEventListener.performExecutions(AbstractFlushingEventListener.java:343)
	at org.hibernate.event.internal.DefaultFlushEventListener.onFlush(DefaultFlushEventListener.java:39)
	at org.hibernate.event.service.internal.EventListenerGroupImpl.fireEventOnEachListener(EventListenerGroupImpl.java:107)
	at org.hibernate.internal.SessionImpl.doFlush(SessionImpl.java:1390)
	... 17 more
Caused by: java.lang.IllegalArgumentException: java.io.NotSerializableException: org.hibernate.metamodel.mapping.internal.VirtualEmbeddedAttributeMapping
	at org.redisson.command.CommandAsyncService.encodeMapKey(CommandAsyncService.java:693)
	at org.redisson.RedissonObject.encodeMapKey(RedissonObject.java:303)
	at org.redisson.RedissonMapCache.fastRemoveOperationAsync(RedissonMapCache.java:1481)
	at org.redisson.RedissonMap.fastRemoveAsync(RedissonMap.java:1299)
	at org.redisson.RedissonMap.fastRemove(RedissonMap.java:1366)
	at org.redisson.hibernate.RedissonStorage.evictData(RedissonStorage.java:176)
	... 29 more
Caused by: java.io.NotSerializableException: org.hibernate.metamodel.mapping.internal.VirtualEmbeddedAttributeMapping
	at org.jboss.marshalling.river.RiverMarshaller.doWriteObject(RiverMarshaller.java:274)
	at org.jboss.marshalling.river.RiverMarshaller.doWriteFields(RiverMarshaller.java:1143)
	at org.jboss.marshalling.river.RiverMarshaller.doWriteSerializableObject(RiverMarshaller.java:1101)
	at org.jboss.marshalling.river.RiverMarshaller.doWriteSerializableObject(RiverMarshaller.java:1080)
	at org.jboss.marshalling.river.RiverMarshaller.doWriteObject(RiverMarshaller.java:268)
	at org.jboss.marshalling.river.RiverMarshaller.doWriteFields(RiverMarshaller.java:1143)
	at org.jboss.marshalling.river.RiverMarshaller.doWriteSerializableObject(RiverMarshaller.java:1101)
	at org.jboss.marshalling.river.RiverMarshaller.doWriteObject(RiverMarshaller.java:268)
	at org.jboss.marshalling.AbstractObjectOutput.writeObject(AbstractObjectOutput.java:58)
	at org.jboss.marshalling.AbstractMarshaller.writeObject(AbstractMarshaller.java:111)
	at org.redisson.codec.MarshallingCodec.lambda$new$1(MarshallingCodec.java:161)
	at org.redisson.command.CommandAsyncService.encodeMapKey(CommandAsyncService.java:691)
	... 34 more
Caused by: an exception which occurred:
	in field org.hibernate.type.ComponentType.mappingModelPart
	in object org.hibernate.type.EmbeddedComponentType@4e46c43e
	in field org.hibernate.cache.internal.CacheKeyImplementation.type
	in object org.hibernate.cache.internal.CacheKeyImplementation@521a
	in object org.hibernate.cache.internal.CacheKeyImplementation@521a

Running org.redisson.hibernate.ReadWriteTest
Tests run: 5, Failures: 0, Errors: 1, Skipped: 0, Time elapsed: 2.069 sec <<< FAILURE!
testQuery(org.redisson.hibernate.ReadWriteTest)  Time elapsed: 0.124 sec  <<< ERROR!
jakarta.persistence.PersistenceException: Converting `org.hibernate.cache.CacheException` to JPA `PersistenceException` : java.lang.IllegalArgumentException: java.io.NotSerializableException: org.hibernate.query.internal.QueryParameterBindingsImpl$ParameterBindingsMementoImpl
	at org.hibernate.internal.ExceptionConverterImpl.convert(ExceptionConverterImpl.java:165)
	at org.hibernate.query.spi.AbstractSelectionQuery.list(AbstractSelectionQuery.java:132)
	at org.hibernate.query.sqm.internal.QuerySqmImpl.list(QuerySqmImpl.java:1095)
	at org.hibernate.query.spi.AbstractSelectionQuery.uniqueResult(AbstractSelectionQuery.java:209)
	at org.hibernate.query.sqm.internal.QuerySqmImpl.uniqueResult(QuerySqmImpl.java:1119)
	at org.redisson.hibernate.ReadWriteTest.testQuery(ReadWriteTest.java:111)
	at java.base/jdk.internal.reflect.NativeMethodAccessorImpl.invoke0(Native Method)
	at java.base/jdk.internal.reflect.NativeMethodAccessorImpl.invoke(NativeMethodAccessorImpl.java:62)
	at java.base/jdk.internal.reflect.DelegatingMethodAccessorImpl.invoke(DelegatingMethodAccessorImpl.java:43)
	at java.base/java.lang.reflect.Method.invoke(Method.java:566)
	at org.junit.runners.model.FrameworkMethod$1.runReflectiveCall(FrameworkMethod.java:59)
	at org.junit.internal.runners.model.ReflectiveCallable.run(ReflectiveCallable.java:12)
	at org.junit.runners.model.FrameworkMethod.invokeExplosively(FrameworkMethod.java:56)
	at org.hibernate.testing.junit4.ExtendedFrameworkMethod.invokeExplosively(ExtendedFrameworkMethod.java:45)
	at org.junit.internal.runners.statements.InvokeMethod.evaluate(InvokeMethod.java:17)
	at org.junit.internal.runners.statements.RunBefores.evaluate(RunBefores.java:26)
	at org.junit.internal.runners.statements.RunAfters.evaluate(RunAfters.java:27)
	at org.junit.internal.runners.statements.FailOnTimeout$CallableStatement.call(FailOnTimeout.java:288)
	at org.junit.internal.runners.statements.FailOnTimeout$CallableStatement.call(FailOnTimeout.java:282)
	at java.base/java.util.concurrent.FutureTask.run(FutureTask.java:264)
	at java.base/java.lang.Thread.run(Thread.java:834)
Caused by: org.hibernate.cache.CacheException: java.lang.IllegalArgumentException: java.io.NotSerializableException: org.hibernate.query.internal.QueryParameterBindingsImpl$ParameterBindingsMementoImpl
	at org.redisson.hibernate.RedissonStorage.getFromCache(RedissonStorage.java:115)
	at org.hibernate.cache.spi.support.DirectAccessRegionTemplate.getFromCache(DirectAccessRegionTemplate.java:39)
	at org.hibernate.cache.internal.QueryResultsCacheImpl.getCachedData(QueryResultsCacheImpl.java:148)
	at org.hibernate.cache.internal.QueryResultsCacheImpl.get(QueryResultsCacheImpl.java:90)
	at org.hibernate.sql.exec.internal.JdbcSelectExecutorStandardImpl.resolveJdbcValuesSource(JdbcSelectExecutorStandardImpl.java:503)
	at org.hibernate.sql.exec.internal.JdbcSelectExecutorStandardImpl.doExecuteQuery(JdbcSelectExecutorStandardImpl.java:340)
	at org.hibernate.sql.exec.internal.JdbcSelectExecutorStandardImpl.executeQuery(JdbcSelectExecutorStandardImpl.java:167)
	at org.hibernate.sql.exec.internal.JdbcSelectExecutorStandardImpl.list(JdbcSelectExecutorStandardImpl.java:95)
	at org.hibernate.query.sqm.internal.ConcreteSqmSelectQueryPlan.lambda$new$0(ConcreteSqmSelectQueryPlan.java:108)
	at org.hibernate.query.sqm.internal.ConcreteSqmSelectQueryPlan.withCacheableSqmInterpretation(ConcreteSqmSelectQueryPlan.java:328)
	at org.hibernate.query.sqm.internal.ConcreteSqmSelectQueryPlan.performList(ConcreteSqmSelectQueryPlan.java:269)
	at org.hibernate.query.sqm.internal.QuerySqmImpl.doList(QuerySqmImpl.java:647)
	at org.hibernate.query.spi.AbstractSelectionQuery.list(AbstractSelectionQuery.java:121)
	... 19 more
Caused by: java.lang.IllegalArgumentException: java.io.NotSerializableException: org.hibernate.query.internal.QueryParameterBindingsImpl$ParameterBindingsMementoImpl
	at org.redisson.command.CommandAsyncService.encodeMapKey(CommandAsyncService.java:693)
	at org.redisson.RedissonObject.encodeMapKey(RedissonObject.java:303)
	at org.redisson.RedissonMapCache.getWithTTLOnlyOperationAsync(RedissonMapCache.java:1277)
	at org.redisson.RedissonMapCache.getWithTTLOnlyAsync(RedissonMapCache.java:1284)
	at org.redisson.RedissonMapCache.getWithTTLOnly(RedissonMapCache.java:1256)
	at org.redisson.hibernate.RedissonStorage.getFromCache(RedissonStorage.java:105)
	... 31 more
Caused by: java.io.NotSerializableException: org.hibernate.query.internal.QueryParameterBindingsImpl$ParameterBindingsMementoImpl
	at org.jboss.marshalling.river.RiverMarshaller.doWriteObject(RiverMarshaller.java:274)
	at org.jboss.marshalling.river.RiverMarshaller.doWriteFields(RiverMarshaller.java:1143)
	at org.jboss.marshalling.river.RiverMarshaller.doWriteSerializableObject(RiverMarshaller.java:1101)
	at org.jboss.marshalling.river.RiverMarshaller.doWriteObject(RiverMarshaller.java:268)
	at org.jboss.marshalling.AbstractObjectOutput.writeObject(AbstractObjectOutput.java:58)
	at org.jboss.marshalling.AbstractMarshaller.writeObject(AbstractMarshaller.java:111)
	at org.redisson.codec.MarshallingCodec.lambda$new$1(MarshallingCodec.java:161)
	at org.redisson.command.CommandAsyncService.encodeMapKey(CommandAsyncService.java:691)
	... 36 more
Caused by: an exception which occurred:
	in field org.hibernate.cache.spi.QueryKey.parameterBindingsMemento
	in object org.hibernate.cache.spi.QueryKey@2ca4eab7
	in object org.hibernate.cache.spi.QueryKey@2ca4eab7

Running org.redisson.hibernate.TransactionalTest
Tests run: 4, Failures: 0, Errors: 1, Skipped: 0, Time elapsed: 0.181 sec <<< FAILURE!
testQuery(org.redisson.hibernate.TransactionalTest)  Time elapsed: 0.067 sec  <<< ERROR!
jakarta.persistence.PersistenceException: Converting `org.hibernate.cache.CacheException` to JPA `PersistenceException` : java.lang.IllegalArgumentException: java.io.NotSerializableException: org.hibernate.query.internal.QueryParameterBindingsImpl$ParameterBindingsMementoImpl
	at org.hibernate.internal.ExceptionConverterImpl.convert(ExceptionConverterImpl.java:165)
	at org.hibernate.query.spi.AbstractSelectionQuery.list(AbstractSelectionQuery.java:132)
	at org.hibernate.query.sqm.internal.QuerySqmImpl.list(QuerySqmImpl.java:1095)
	at org.hibernate.query.spi.AbstractSelectionQuery.uniqueResult(AbstractSelectionQuery.java:209)
	at org.hibernate.query.sqm.internal.QuerySqmImpl.uniqueResult(QuerySqmImpl.java:1119)
	at org.redisson.hibernate.TransactionalTest.testQuery(TransactionalTest.java:68)
	at java.base/jdk.internal.reflect.NativeMethodAccessorImpl.invoke0(Native Method)
	at java.base/jdk.internal.reflect.NativeMethodAccessorImpl.invoke(NativeMethodAccessorImpl.java:62)
	at java.base/jdk.internal.reflect.DelegatingMethodAccessorImpl.invoke(DelegatingMethodAccessorImpl.java:43)
	at java.base/java.lang.reflect.Method.invoke(Method.java:566)
	at org.junit.runners.model.FrameworkMethod$1.runReflectiveCall(FrameworkMethod.java:59)
	at org.junit.internal.runners.model.ReflectiveCallable.run(ReflectiveCallable.java:12)
	at org.junit.runners.model.FrameworkMethod.invokeExplosively(FrameworkMethod.java:56)
	at org.hibernate.testing.junit4.ExtendedFrameworkMethod.invokeExplosively(ExtendedFrameworkMethod.java:45)
	at org.junit.internal.runners.statements.InvokeMethod.evaluate(InvokeMethod.java:17)
	at org.junit.internal.runners.statements.RunBefores.evaluate(RunBefores.java:26)
	at org.junit.internal.runners.statements.RunAfters.evaluate(RunAfters.java:27)
	at org.junit.internal.runners.statements.FailOnTimeout$CallableStatement.call(FailOnTimeout.java:288)
	at org.junit.internal.runners.statements.FailOnTimeout$CallableStatement.call(FailOnTimeout.java:282)
	at java.base/java.util.concurrent.FutureTask.run(FutureTask.java:264)
	at java.base/java.lang.Thread.run(Thread.java:834)
Caused by: org.hibernate.cache.CacheException: java.lang.IllegalArgumentException: java.io.NotSerializableException: org.hibernate.query.internal.QueryParameterBindingsImpl$ParameterBindingsMementoImpl
	at org.redisson.hibernate.RedissonStorage.getFromCache(RedissonStorage.java:115)
	at org.hibernate.cache.spi.support.DirectAccessRegionTemplate.getFromCache(DirectAccessRegionTemplate.java:39)
	at org.hibernate.cache.internal.QueryResultsCacheImpl.getCachedData(QueryResultsCacheImpl.java:148)
	at org.hibernate.cache.internal.QueryResultsCacheImpl.get(QueryResultsCacheImpl.java:90)
	at org.hibernate.sql.exec.internal.JdbcSelectExecutorStandardImpl.resolveJdbcValuesSource(JdbcSelectExecutorStandardImpl.java:503)
	at org.hibernate.sql.exec.internal.JdbcSelectExecutorStandardImpl.doExecuteQuery(JdbcSelectExecutorStandardImpl.java:340)
	at org.hibernate.sql.exec.internal.JdbcSelectExecutorStandardImpl.executeQuery(JdbcSelectExecutorStandardImpl.java:167)
	at org.hibernate.sql.exec.internal.JdbcSelectExecutorStandardImpl.list(JdbcSelectExecutorStandardImpl.java:95)
	at org.hibernate.query.sqm.internal.ConcreteSqmSelectQueryPlan.lambda$new$0(ConcreteSqmSelectQueryPlan.java:108)
	at org.hibernate.query.sqm.internal.ConcreteSqmSelectQueryPlan.withCacheableSqmInterpretation(ConcreteSqmSelectQueryPlan.java:328)
	at org.hibernate.query.sqm.internal.ConcreteSqmSelectQueryPlan.performList(ConcreteSqmSelectQueryPlan.java:269)
	at org.hibernate.query.sqm.internal.QuerySqmImpl.doList(QuerySqmImpl.java:647)
	at org.hibernate.query.spi.AbstractSelectionQuery.list(AbstractSelectionQuery.java:121)
	... 19 more
Caused by: java.lang.IllegalArgumentException: java.io.NotSerializableException: org.hibernate.query.internal.QueryParameterBindingsImpl$ParameterBindingsMementoImpl
	at org.redisson.command.CommandAsyncService.encodeMapKey(CommandAsyncService.java:693)
	at org.redisson.RedissonObject.encodeMapKey(RedissonObject.java:303)
	at org.redisson.RedissonMapCache.getWithTTLOnlyOperationAsync(RedissonMapCache.java:1277)
	at org.redisson.RedissonMapCache.getWithTTLOnlyAsync(RedissonMapCache.java:1284)
	at org.redisson.RedissonMapCache.getWithTTLOnly(RedissonMapCache.java:1256)
	at org.redisson.hibernate.RedissonStorage.getFromCache(RedissonStorage.java:105)
	... 31 more
Caused by: java.io.NotSerializableException: org.hibernate.query.internal.QueryParameterBindingsImpl$ParameterBindingsMementoImpl
	at org.jboss.marshalling.river.RiverMarshaller.doWriteObject(RiverMarshaller.java:274)
	at org.jboss.marshalling.river.RiverMarshaller.doWriteFields(RiverMarshaller.java:1143)
	at org.jboss.marshalling.river.RiverMarshaller.doWriteSerializableObject(RiverMarshaller.java:1101)
	at org.jboss.marshalling.river.RiverMarshaller.doWriteObject(RiverMarshaller.java:268)
	at org.jboss.marshalling.AbstractObjectOutput.writeObject(AbstractObjectOutput.java:58)
	at org.jboss.marshalling.AbstractMarshaller.writeObject(AbstractMarshaller.java:111)
	at org.redisson.codec.MarshallingCodec.lambda$new$1(MarshallingCodec.java:161)
	at org.redisson.command.CommandAsyncService.encodeMapKey(CommandAsyncService.java:691)
	... 36 more
Caused by: an exception which occurred:
	in field org.hibernate.cache.spi.QueryKey.parameterBindingsMemento
	in object org.hibernate.cache.spi.QueryKey@24599b17
	in object org.hibernate.cache.spi.QueryKey@24599b17


Results :

Tests in error: 
  testQuery(org.redisson.hibernate.CollectionTest): Converting `org.hibernate.cache.CacheException` to JPA `PersistenceException` : java.lang.IllegalArgumentException: java.io.NotSerializableException: org.hibernate.metamodel.mapping.internal.VirtualEmbeddedAttributeMapping
  testQuery(org.redisson.hibernate.ReadWriteTest): Converting `org.hibernate.cache.CacheException` to JPA `PersistenceException` : java.lang.IllegalArgumentException: java.io.NotSerializableException: org.hibernate.query.internal.QueryParameterBindingsImpl$ParameterBindingsMementoImpl
  testQuery(org.redisson.hibernate.TransactionalTest): Converting `org.hibernate.cache.CacheException` to JPA `PersistenceException` : java.lang.IllegalArgumentException: java.io.NotSerializableException: org.hibernate.query.internal.QueryParameterBindingsImpl$ParameterBindingsMementoImpl

Tests run: 10, Failures: 0, Errors: 3, Skipped: 0

[INFO] ------------------------------------------------------------------------
[INFO] BUILD FAILURE
[INFO] ------------------------------------------------------------------------
[INFO] Total time:  8.148 s
[INFO] Finished at: 2022-02-01T15:21:19+03:00
[INFO] ------------------------------------------------------------------------
[ERROR] Failed to execute goal org.apache.maven.plugins:maven-surefire-plugin:2.12.4:test (default-test) on project redisson-hibernate-6: There are test failures.
[ERROR] 
[ERROR] 
[ERROR] To see the full stack trace of the errors, re-run Maven with the -e switch.
[ERROR] Re-run Maven using the -X switch to enable full debug logging.
[ERROR] 
[ERROR] For more information about the errors and possible solutions, please read the following articles:
[ERROR] [Help 1] http://cwiki.apache.org/confluence/display/MAVEN/MojoFailureException
